{"/Users/thobbs/Spotipaper/App.js": {"path":"/Users/thobbs/Spotipaper/App.js","statementMap":{"0":{"start":{"line":17,"column":18},"end":{"line":17,"column":52}},"1":{"start":{"line":18,"column":22},"end":{"line":18,"column":56}},"2":{"start":{"line":19,"column":15},"end":{"line":19,"column":32}},"3":{"start":{"line":34,"column":4},"end":{"line":34,"column":17}},"4":{"start":{"line":35,"column":4},"end":{"line":35,"column":39}},"5":{"start":{"line":36,"column":4},"end":{"line":36,"column":41}},"6":{"start":{"line":37,"column":4},"end":{"line":37,"column":63}},"7":{"start":{"line":38,"column":4},"end":{"line":38,"column":49}},"8":{"start":{"line":39,"column":4},"end":{"line":39,"column":49}},"9":{"start":{"line":43,"column":16},"end":{"line":43,"column":26}},"10":{"start":{"line":44,"column":4},"end":{"line":69,"column":7}},"11":{"start":{"line":45,"column":6},"end":{"line":68,"column":7}},"12":{"start":{"line":47,"column":8},"end":{"line":47,"column":67}},"13":{"start":{"line":48,"column":13},"end":{"line":68,"column":7}},"14":{"start":{"line":49,"column":24},"end":{"line":49,"column":47}},"15":{"start":{"line":50,"column":8},"end":{"line":67,"column":9}},"16":{"start":{"line":52,"column":10},"end":{"line":52,"column":60}},"17":{"start":{"line":53,"column":10},"end":{"line":57,"column":13}},"18":{"start":{"line":54,"column":12},"end":{"line":54,"column":85}},"19":{"start":{"line":54,"column":34},"end":{"line":54,"column":82}},"20":{"start":{"line":55,"column":14},"end":{"line":56,"column":83}},"21":{"start":{"line":56,"column":34},"end":{"line":56,"column":80}},"22":{"start":{"line":56,"column":56},"end":{"line":56,"column":77}},"23":{"start":{"line":60,"column":10},"end":{"line":60,"column":50}},"24":{"start":{"line":61,"column":10},"end":{"line":66,"column":13}},"25":{"start":{"line":62,"column":12},"end":{"line":65,"column":83}},"26":{"start":{"line":65,"column":34},"end":{"line":65,"column":80}},"27":{"start":{"line":65,"column":56},"end":{"line":65,"column":77}},"28":{"start":{"line":73,"column":4},"end":{"line":73,"column":74}},"29":{"start":{"line":73,"column":26},"end":{"line":73,"column":71}},"30":{"start":{"line":78,"column":4},"end":{"line":86,"column":9}},"31":{"start":{"line":84,"column":8},"end":{"line":84,"column":29}},"32":{"start":{"line":85,"column":8},"end":{"line":85,"column":54}},"33":{"start":{"line":85,"column":30},"end":{"line":85,"column":51}},"34":{"start":{"line":90,"column":24},"end":{"line":90,"column":52}},"35":{"start":{"line":91,"column":4},"end":{"line":97,"column":7}},"36":{"start":{"line":101,"column":29},"end":{"line":101,"column":36}},"37":{"start":{"line":102,"column":15},"end":{"line":113,"column":6}},"38":{"start":{"line":114,"column":23},"end":{"line":114,"column":33}},"39":{"start":{"line":115,"column":4},"end":{"line":115,"column":31}},"40":{"start":{"line":119,"column":15},"end":{"line":129,"column":6}},"41":{"start":{"line":130,"column":23},"end":{"line":130,"column":33}},"42":{"start":{"line":131,"column":4},"end":{"line":131,"column":31}},"43":{"start":{"line":135,"column":4},"end":{"line":146,"column":5}},"44":{"start":{"line":137,"column":6},"end":{"line":137,"column":55}},"45":{"start":{"line":138,"column":20},"end":{"line":138,"column":30}},"46":{"start":{"line":139,"column":6},"end":{"line":139,"column":65}},"47":{"start":{"line":140,"column":6},"end":{"line":140,"column":85}},"48":{"start":{"line":140,"column":28},"end":{"line":140,"column":82}},"49":{"start":{"line":141,"column":6},"end":{"line":141,"column":73}},"50":{"start":{"line":142,"column":6},"end":{"line":142,"column":59}},"51":{"start":{"line":143,"column":6},"end":{"line":143,"column":75}},"52":{"start":{"line":145,"column":6},"end":{"line":145,"column":57}},"53":{"start":{"line":145,"column":28},"end":{"line":145,"column":54}},"54":{"start":{"line":150,"column":19},"end":{"line":150,"column":21}},"55":{"start":{"line":151,"column":4},"end":{"line":155,"column":5}},"56":{"start":{"line":152,"column":25},"end":{"line":152,"column":53}},"57":{"start":{"line":153,"column":27},"end":{"line":153,"column":63}},"58":{"start":{"line":154,"column":6},"end":{"line":154,"column":53}},"59":{"start":{"line":156,"column":5},"end":{"line":156,"column":31}},"60":{"start":{"line":161,"column":4},"end":{"line":161,"column":49}},"61":{"start":{"line":162,"column":4},"end":{"line":176,"column":5}},"62":{"start":{"line":163,"column":21},"end":{"line":168,"column":8}},"63":{"start":{"line":170,"column":23},"end":{"line":170,"column":37}},"64":{"start":{"line":171,"column":6},"end":{"line":173,"column":9}},"65":{"start":{"line":172,"column":8},"end":{"line":172,"column":53}},"66":{"start":{"line":172,"column":30},"end":{"line":172,"column":49}},"67":{"start":{"line":175,"column":8},"end":{"line":175,"column":54}},"68":{"start":{"line":175,"column":30},"end":{"line":175,"column":51}},"69":{"start":{"line":180,"column":4},"end":{"line":180,"column":84}},"70":{"start":{"line":180,"column":39},"end":{"line":180,"column":81}},"71":{"start":{"line":184,"column":4},"end":{"line":224,"column":6}},"72":{"start":{"line":204,"column":42},"end":{"line":204,"column":72}},"73":{"start":{"line":209,"column":20},"end":{"line":210,"column":42}},"74":{"start":{"line":209,"column":42},"end":{"line":209,"column":87}},"75":{"start":{"line":210,"column":27},"end":{"line":210,"column":40}},"76":{"start":{"line":228,"column":15},"end":{"line":247,"column":2}}},"fnMap":{"0":{"name":"(anonymous_0)","decl":{"start":{"line":33,"column":2},"end":{"line":33,"column":3}},"loc":{"start":{"line":33,"column":20},"end":{"line":40,"column":3}},"line":33},"1":{"name":"(anonymous_1)","decl":{"start":{"line":42,"column":2},"end":{"line":42,"column":3}},"loc":{"start":{"line":42,"column":23},"end":{"line":70,"column":3}},"line":42},"2":{"name":"(anonymous_2)","decl":{"start":{"line":44,"column":48},"end":{"line":44,"column":49}},"loc":{"start":{"line":44,"column":74},"end":{"line":69,"column":5}},"line":44},"3":{"name":"(anonymous_3)","decl":{"start":{"line":53,"column":58},"end":{"line":53,"column":59}},"loc":{"start":{"line":53,"column":82},"end":{"line":57,"column":11}},"line":53},"4":{"name":"(anonymous_4)","decl":{"start":{"line":54,"column":26},"end":{"line":54,"column":27}},"loc":{"start":{"line":54,"column":32},"end":{"line":54,"column":83}},"line":54},"5":{"name":"(anonymous_5)","decl":{"start":{"line":56,"column":21},"end":{"line":56,"column":22}},"loc":{"start":{"line":56,"column":32},"end":{"line":56,"column":81}},"line":56},"6":{"name":"(anonymous_6)","decl":{"start":{"line":56,"column":48},"end":{"line":56,"column":49}},"loc":{"start":{"line":56,"column":54},"end":{"line":56,"column":78}},"line":56},"7":{"name":"(anonymous_7)","decl":{"start":{"line":61,"column":59},"end":{"line":61,"column":60}},"loc":{"start":{"line":61,"column":84},"end":{"line":66,"column":11}},"line":61},"8":{"name":"(anonymous_8)","decl":{"start":{"line":65,"column":21},"end":{"line":65,"column":22}},"loc":{"start":{"line":65,"column":32},"end":{"line":65,"column":81}},"line":65},"9":{"name":"(anonymous_9)","decl":{"start":{"line":65,"column":48},"end":{"line":65,"column":49}},"loc":{"start":{"line":65,"column":54},"end":{"line":65,"column":78}},"line":65},"10":{"name":"(anonymous_10)","decl":{"start":{"line":72,"column":2},"end":{"line":72,"column":3}},"loc":{"start":{"line":72,"column":22},"end":{"line":74,"column":3}},"line":72},"11":{"name":"(anonymous_11)","decl":{"start":{"line":73,"column":18},"end":{"line":73,"column":19}},"loc":{"start":{"line":73,"column":24},"end":{"line":73,"column":72}},"line":73},"12":{"name":"(anonymous_12)","decl":{"start":{"line":77,"column":2},"end":{"line":77,"column":3}},"loc":{"start":{"line":77,"column":10},"end":{"line":87,"column":3}},"line":77},"13":{"name":"(anonymous_13)","decl":{"start":{"line":82,"column":13},"end":{"line":82,"column":14}},"loc":{"start":{"line":82,"column":24},"end":{"line":86,"column":7}},"line":82},"14":{"name":"(anonymous_14)","decl":{"start":{"line":85,"column":22},"end":{"line":85,"column":23}},"loc":{"start":{"line":85,"column":28},"end":{"line":85,"column":52}},"line":85},"15":{"name":"(anonymous_15)","decl":{"start":{"line":89,"column":19},"end":{"line":89,"column":20}},"loc":{"start":{"line":89,"column":31},"end":{"line":98,"column":3}},"line":89},"16":{"name":"(anonymous_16)","decl":{"start":{"line":100,"column":20},"end":{"line":100,"column":21}},"loc":{"start":{"line":100,"column":39},"end":{"line":116,"column":3}},"line":100},"17":{"name":"(anonymous_17)","decl":{"start":{"line":118,"column":22},"end":{"line":118,"column":23}},"loc":{"start":{"line":118,"column":46},"end":{"line":132,"column":3}},"line":118},"18":{"name":"(anonymous_18)","decl":{"start":{"line":134,"column":2},"end":{"line":134,"column":3}},"loc":{"start":{"line":134,"column":19},"end":{"line":147,"column":3}},"line":134},"19":{"name":"(anonymous_19)","decl":{"start":{"line":140,"column":20},"end":{"line":140,"column":21}},"loc":{"start":{"line":140,"column":26},"end":{"line":140,"column":83}},"line":140},"20":{"name":"(anonymous_20)","decl":{"start":{"line":145,"column":20},"end":{"line":145,"column":21}},"loc":{"start":{"line":145,"column":26},"end":{"line":145,"column":55}},"line":145},"21":{"name":"(anonymous_21)","decl":{"start":{"line":149,"column":2},"end":{"line":149,"column":3}},"loc":{"start":{"line":149,"column":23},"end":{"line":157,"column":3}},"line":149},"22":{"name":"(anonymous_22)","decl":{"start":{"line":159,"column":11},"end":{"line":159,"column":12}},"loc":{"start":{"line":159,"column":22},"end":{"line":177,"column":3}},"line":159},"23":{"name":"(anonymous_23)","decl":{"start":{"line":171,"column":29},"end":{"line":171,"column":30}},"loc":{"start":{"line":171,"column":39},"end":{"line":173,"column":7}},"line":171},"24":{"name":"(anonymous_24)","decl":{"start":{"line":172,"column":22},"end":{"line":172,"column":23}},"loc":{"start":{"line":172,"column":28},"end":{"line":172,"column":51}},"line":172},"25":{"name":"(anonymous_25)","decl":{"start":{"line":175,"column":22},"end":{"line":175,"column":23}},"loc":{"start":{"line":175,"column":28},"end":{"line":175,"column":52}},"line":175},"26":{"name":"(anonymous_26)","decl":{"start":{"line":179,"column":2},"end":{"line":179,"column":3}},"loc":{"start":{"line":179,"column":15},"end":{"line":181,"column":3}},"line":179},"27":{"name":"(anonymous_27)","decl":{"start":{"line":180,"column":18},"end":{"line":180,"column":19}},"loc":{"start":{"line":180,"column":37},"end":{"line":180,"column":82}},"line":180},"28":{"name":"(anonymous_28)","decl":{"start":{"line":183,"column":2},"end":{"line":183,"column":3}},"loc":{"start":{"line":183,"column":11},"end":{"line":225,"column":3}},"line":183},"29":{"name":"(anonymous_29)","decl":{"start":{"line":204,"column":33},"end":{"line":204,"column":34}},"loc":{"start":{"line":204,"column":42},"end":{"line":204,"column":72}},"line":204},"30":{"name":"(anonymous_30)","decl":{"start":{"line":207,"column":33},"end":{"line":207,"column":34}},"loc":{"start":{"line":207,"column":44},"end":{"line":210,"column":43}},"line":207},"31":{"name":"(anonymous_31)","decl":{"start":{"line":209,"column":34},"end":{"line":209,"column":35}},"loc":{"start":{"line":209,"column":40},"end":{"line":209,"column":88}},"line":209},"32":{"name":"(anonymous_32)","decl":{"start":{"line":210,"column":20},"end":{"line":210,"column":21}},"loc":{"start":{"line":210,"column":26},"end":{"line":210,"column":41}},"line":210}},"branchMap":{"0":{"loc":{"start":{"line":45,"column":6},"end":{"line":68,"column":7}},"type":"if","locations":[{"start":{"line":45,"column":6},"end":{"line":68,"column":7}},{"start":{"line":45,"column":6},"end":{"line":68,"column":7}}],"line":45},"1":{"loc":{"start":{"line":48,"column":13},"end":{"line":68,"column":7}},"type":"if","locations":[{"start":{"line":48,"column":13},"end":{"line":68,"column":7}},{"start":{"line":48,"column":13},"end":{"line":68,"column":7}}],"line":48},"2":{"loc":{"start":{"line":50,"column":8},"end":{"line":67,"column":9}},"type":"if","locations":[{"start":{"line":50,"column":8},"end":{"line":67,"column":9}},{"start":{"line":50,"column":8},"end":{"line":67,"column":9}}],"line":50},"3":{"loc":{"start":{"line":135,"column":4},"end":{"line":146,"column":5}},"type":"if","locations":[{"start":{"line":135,"column":4},"end":{"line":146,"column":5}},{"start":{"line":135,"column":4},"end":{"line":146,"column":5}}],"line":135},"4":{"loc":{"start":{"line":187,"column":9},"end":{"line":222,"column":9}},"type":"cond-expr","locations":[{"start":{"line":188,"column":10},"end":{"line":215,"column":17}},{"start":{"line":217,"column":10},"end":{"line":221,"column":17}}],"line":187},"5":{"loc":{"start":{"line":194,"column":14},"end":{"line":214,"column":20}},"type":"cond-expr","locations":[{"start":{"line":195,"column":14},"end":{"line":213,"column":21}},{"start":{"line":214,"column":16},"end":{"line":214,"column":20}}],"line":194},"6":{"loc":{"start":{"line":209,"column":57},"end":{"line":209,"column":85}},"type":"cond-expr","locations":[{"start":{"line":209,"column":65},"end":{"line":209,"column":74}},{"start":{"line":209,"column":77},"end":{"line":209,"column":85}}],"line":209}},"s":{"0":1,"1":1,"2":1,"3":3,"4":3,"5":3,"6":3,"7":3,"8":3,"9":3,"10":3,"11":3,"12":0,"13":3,"14":0,"15":0,"16":0,"17":0,"18":0,"19":0,"20":0,"21":0,"22":0,"23":0,"24":0,"25":0,"26":0,"27":0,"28":0,"29":0,"30":0,"31":0,"32":0,"33":0,"34":0,"35":0,"36":0,"37":0,"38":0,"39":0,"40":0,"41":0,"42":0,"43":0,"44":0,"45":0,"46":0,"47":0,"48":0,"49":0,"50":0,"51":0,"52":0,"53":0,"54":0,"55":0,"56":0,"57":0,"58":0,"59":0,"60":0,"61":0,"62":0,"63":0,"64":0,"65":0,"66":0,"67":0,"68":0,"69":0,"70":0,"71":3,"72":0,"73":0,"74":0,"75":0,"76":1},"f":{"0":3,"1":3,"2":3,"3":0,"4":0,"5":0,"6":0,"7":0,"8":0,"9":0,"10":0,"11":0,"12":0,"13":0,"14":0,"15":0,"16":0,"17":0,"18":0,"19":0,"20":0,"21":0,"22":0,"23":0,"24":0,"25":0,"26":0,"27":0,"28":3,"29":0,"30":0,"31":0,"32":0},"b":{"0":[0,3],"1":[0,3],"2":[0,0],"3":[0,0],"4":[0,3],"5":[0,0],"6":[0,0]},"_coverageSchema":"332fd63041d2c1bcb487cc26dd0d5f7d97098a6c","hash":"65723101aeb5d9def356a4760b74fc138a8f3610"}
,"/Users/thobbs/Spotipaper/Base64.js": {"path":"/Users/thobbs/Spotipaper/Base64.js","statementMap":{"0":{"start":{"line":1,"column":14},"end":{"line":1,"column":81}},"1":{"start":{"line":2,"column":15},"end":{"line":41,"column":1}},"2":{"start":{"line":4,"column":14},"end":{"line":4,"column":19}},"3":{"start":{"line":5,"column":17},"end":{"line":5,"column":19}},"4":{"start":{"line":7,"column":4},"end":{"line":18,"column":5}},"5":{"start":{"line":11,"column":6},"end":{"line":11,"column":42}},"6":{"start":{"line":13,"column":6},"end":{"line":15,"column":7}},"7":{"start":{"line":14,"column":8},"end":{"line":14,"column":116}},"8":{"start":{"line":17,"column":6},"end":{"line":17,"column":36}},"9":{"start":{"line":20,"column":4},"end":{"line":20,"column":18}},"10":{"start":{"line":24,"column":14},"end":{"line":24,"column":38}},"11":{"start":{"line":25,"column":17},"end":{"line":25,"column":19}},"12":{"start":{"line":27,"column":4},"end":{"line":29,"column":5}},"13":{"start":{"line":28,"column":6},"end":{"line":28,"column":91}},"14":{"start":{"line":30,"column":4},"end":{"line":37,"column":5}},"15":{"start":{"line":36,"column":6},"end":{"line":36,"column":37}},"16":{"start":{"line":39,"column":4},"end":{"line":39,"column":18}}},"fnMap":{"0":{"name":"(anonymous_0)","decl":{"start":{"line":3,"column":8},"end":{"line":3,"column":9}},"loc":{"start":{"line":3,"column":32},"end":{"line":21,"column":3}},"line":3},"1":{"name":"(anonymous_1)","decl":{"start":{"line":23,"column":8},"end":{"line":23,"column":9}},"loc":{"start":{"line":23,"column":31},"end":{"line":40,"column":3}},"line":23}},"branchMap":{"0":{"loc":{"start":{"line":3,"column":9},"end":{"line":3,"column":26}},"type":"default-arg","locations":[{"start":{"line":3,"column":24},"end":{"line":3,"column":26}}],"line":3},"1":{"loc":{"start":{"line":8,"column":4},"end":{"line":8,"column":43}},"type":"binary-expr","locations":[{"start":{"line":8,"column":4},"end":{"line":8,"column":21}},{"start":{"line":8,"column":26},"end":{"line":8,"column":42}}],"line":8},"2":{"loc":{"start":{"line":13,"column":6},"end":{"line":15,"column":7}},"type":"if","locations":[{"start":{"line":13,"column":6},"end":{"line":15,"column":7}},{"start":{"line":13,"column":6},"end":{"line":15,"column":7}}],"line":13},"3":{"loc":{"start":{"line":23,"column":9},"end":{"line":23,"column":26}},"type":"default-arg","locations":[{"start":{"line":23,"column":24},"end":{"line":23,"column":26}}],"line":23},"4":{"loc":{"start":{"line":27,"column":4},"end":{"line":29,"column":5}},"type":"if","locations":[{"start":{"line":27,"column":4},"end":{"line":29,"column":5}},{"start":{"line":27,"column":4},"end":{"line":29,"column":5}}],"line":27},"5":{"loc":{"start":{"line":33,"column":6},"end":{"line":34,"column":80}},"type":"cond-expr","locations":[{"start":{"line":34,"column":20},"end":{"line":34,"column":76}},{"start":{"line":34,"column":79},"end":{"line":34,"column":80}}],"line":33},"6":{"loc":{"start":{"line":33,"column":6},"end":{"line":34,"column":17}},"type":"binary-expr","locations":[{"start":{"line":33,"column":6},"end":{"line":33,"column":13}},{"start":{"line":33,"column":18},"end":{"line":34,"column":16}}],"line":33},"7":{"loc":{"start":{"line":33,"column":23},"end":{"line":33,"column":57}},"type":"cond-expr","locations":[{"start":{"line":33,"column":32},"end":{"line":33,"column":48}},{"start":{"line":33,"column":51},"end":{"line":33,"column":57}}],"line":33}},"s":{"0":1,"1":1,"2":0,"3":0,"4":0,"5":0,"6":0,"7":0,"8":0,"9":0,"10":0,"11":0,"12":0,"13":0,"14":0,"15":0,"16":0},"f":{"0":0,"1":0},"b":{"0":[0],"1":[0,0],"2":[0,0],"3":[0],"4":[0,0],"5":[0,0],"6":[0,0],"7":[0,0]},"_coverageSchema":"332fd63041d2c1bcb487cc26dd0d5f7d97098a6c","hash":"74dfb5ac1652b04c0401875dbc92a643aa895571"}
,"/Users/thobbs/Spotipaper/ImageGrid.js": {"path":"/Users/thobbs/Spotipaper/ImageGrid.js","statementMap":{"0":{"start":{"line":14,"column":6},"end":{"line":14,"column":11}},"1":{"start":{"line":15,"column":19},"end":{"line":15,"column":63}},"2":{"start":{"line":17,"column":2},"end":{"line":53,"column":4}},"3":{"start":{"line":22,"column":10},"end":{"line":48,"column":11}},"4":{"start":{"line":23,"column":12},"end":{"line":34,"column":14}},"5":{"start":{"line":28,"column":18},"end":{"line":32,"column":19}},"6":{"start":{"line":35,"column":17},"end":{"line":48,"column":11}},"7":{"start":{"line":36,"column":12},"end":{"line":47,"column":16}},"8":{"start":{"line":41,"column":18},"end":{"line":45,"column":19}},"9":{"start":{"line":56,"column":15},"end":{"line":64,"column":2}},"10":{"start":{"line":66,"column":0},"end":{"line":71,"column":2}}},"fnMap":{"0":{"name":"ImageGrid","decl":{"start":{"line":5,"column":9},"end":{"line":5,"column":18}},"loc":{"start":{"line":5,"column":26},"end":{"line":54,"column":1}},"line":5},"1":{"name":"(anonymous_1)","decl":{"start":{"line":21,"column":26},"end":{"line":21,"column":27}},"loc":{"start":{"line":21,"column":39},"end":{"line":49,"column":9}},"line":21},"2":{"name":"(anonymous_2)","decl":{"start":{"line":27,"column":42},"end":{"line":27,"column":43}},"loc":{"start":{"line":27,"column":53},"end":{"line":33,"column":17}},"line":27},"3":{"name":"(anonymous_3)","decl":{"start":{"line":40,"column":48},"end":{"line":40,"column":49}},"loc":{"start":{"line":40,"column":59},"end":{"line":46,"column":17}},"line":40}},"branchMap":{"0":{"loc":{"start":{"line":15,"column":19},"end":{"line":15,"column":63}},"type":"cond-expr","locations":[{"start":{"line":15,"column":36},"end":{"line":15,"column":48}},{"start":{"line":15,"column":51},"end":{"line":15,"column":63}}],"line":15},"1":{"loc":{"start":{"line":22,"column":10},"end":{"line":48,"column":11}},"type":"if","locations":[{"start":{"line":22,"column":10},"end":{"line":48,"column":11}},{"start":{"line":22,"column":10},"end":{"line":48,"column":11}}],"line":22},"2":{"loc":{"start":{"line":35,"column":17},"end":{"line":48,"column":11}},"type":"if","locations":[{"start":{"line":35,"column":17},"end":{"line":48,"column":11}},{"start":{"line":35,"column":17},"end":{"line":48,"column":11}}],"line":35}},"s":{"0":1,"1":1,"2":1,"3":0,"4":0,"5":0,"6":0,"7":0,"8":0,"9":2,"10":2},"f":{"0":1,"1":0,"2":0,"3":0},"b":{"0":[0,1],"1":[0,0],"2":[0,0]},"_coverageSchema":"332fd63041d2c1bcb487cc26dd0d5f7d97098a6c","hash":"d605ea7b6e947373983559382b8a6728a1ac9588"}
,"/Users/thobbs/Spotipaper/testSetup.js": {"path":"/Users/thobbs/Spotipaper/testSetup.js","statementMap":{"0":{"start":{"line":4,"column":0},"end":{"line":4,"column":38}}},"fnMap":{},"branchMap":{},"s":{"0":2},"f":{},"b":{},"_coverageSchema":"332fd63041d2c1bcb487cc26dd0d5f7d97098a6c","hash":"42035a8671d8e8f6c125e48f1aeeaf68db0795db"}
}
