TN:
SF:/Users/thobbs/Spotipaper/App.js
FN:33,(anonymous_0)
FN:42,(anonymous_1)
FN:44,(anonymous_2)
FN:53,(anonymous_3)
FN:54,(anonymous_4)
FN:56,(anonymous_5)
FN:56,(anonymous_6)
FN:61,(anonymous_7)
FN:65,(anonymous_8)
FN:65,(anonymous_9)
FN:72,(anonymous_10)
FN:73,(anonymous_11)
FN:77,(anonymous_12)
FN:82,(anonymous_13)
FN:85,(anonymous_14)
FN:89,(anonymous_15)
FN:100,(anonymous_16)
FN:118,(anonymous_17)
FN:134,(anonymous_18)
FN:140,(anonymous_19)
FN:145,(anonymous_20)
FN:149,(anonymous_21)
FN:159,(anonymous_22)
FN:171,(anonymous_23)
FN:172,(anonymous_24)
FN:175,(anonymous_25)
FN:179,(anonymous_26)
FN:180,(anonymous_27)
FN:183,(anonymous_28)
FN:204,(anonymous_29)
FN:207,(anonymous_30)
FN:209,(anonymous_31)
FN:210,(anonymous_32)
FNF:33
FNH:4
FNDA:3,(anonymous_0)
FNDA:3,(anonymous_1)
FNDA:3,(anonymous_2)
FNDA:0,(anonymous_3)
FNDA:0,(anonymous_4)
FNDA:0,(anonymous_5)
FNDA:0,(anonymous_6)
FNDA:0,(anonymous_7)
FNDA:0,(anonymous_8)
FNDA:0,(anonymous_9)
FNDA:0,(anonymous_10)
FNDA:0,(anonymous_11)
FNDA:0,(anonymous_12)
FNDA:0,(anonymous_13)
FNDA:0,(anonymous_14)
FNDA:0,(anonymous_15)
FNDA:0,(anonymous_16)
FNDA:0,(anonymous_17)
FNDA:0,(anonymous_18)
FNDA:0,(anonymous_19)
FNDA:0,(anonymous_20)
FNDA:0,(anonymous_21)
FNDA:0,(anonymous_22)
FNDA:0,(anonymous_23)
FNDA:0,(anonymous_24)
FNDA:0,(anonymous_25)
FNDA:0,(anonymous_26)
FNDA:0,(anonymous_27)
FNDA:3,(anonymous_28)
FNDA:0,(anonymous_29)
FNDA:0,(anonymous_30)
FNDA:0,(anonymous_31)
FNDA:0,(anonymous_32)
DA:17,1
DA:18,1
DA:19,1
DA:34,3
DA:35,3
DA:36,3
DA:37,3
DA:38,3
DA:39,3
DA:43,3
DA:44,3
DA:45,3
DA:47,0
DA:48,3
DA:49,0
DA:50,0
DA:52,0
DA:53,0
DA:54,0
DA:55,0
DA:56,0
DA:60,0
DA:61,0
DA:62,0
DA:65,0
DA:73,0
DA:78,0
DA:84,0
DA:85,0
DA:90,0
DA:91,0
DA:101,0
DA:102,0
DA:114,0
DA:115,0
DA:119,0
DA:130,0
DA:131,0
DA:135,0
DA:137,0
DA:138,0
DA:139,0
DA:140,0
DA:141,0
DA:142,0
DA:143,0
DA:145,0
DA:150,0
DA:151,0
DA:152,0
DA:153,0
DA:154,0
DA:156,0
DA:161,0
DA:162,0
DA:163,0
DA:170,0
DA:171,0
DA:172,0
DA:175,0
DA:180,0
DA:184,3
DA:204,0
DA:209,0
DA:210,0
DA:228,1
LF:66
LH:15
BRDA:45,0,0,0
BRDA:45,0,1,3
BRDA:48,1,0,0
BRDA:48,1,1,3
BRDA:50,2,0,0
BRDA:50,2,1,0
BRDA:135,3,0,0
BRDA:135,3,1,0
BRDA:187,4,0,0
BRDA:187,4,1,3
BRDA:194,5,0,0
BRDA:194,5,1,0
BRDA:209,6,0,0
BRDA:209,6,1,0
BRF:14
BRH:3
end_of_record
TN:
SF:/Users/thobbs/Spotipaper/Base64.js
FN:3,(anonymous_0)
FN:23,(anonymous_1)
FNF:2
FNH:0
FNDA:0,(anonymous_0)
FNDA:0,(anonymous_1)
DA:1,1
DA:2,1
DA:4,0
DA:5,0
DA:7,0
DA:11,0
DA:13,0
DA:14,0
DA:17,0
DA:20,0
DA:24,0
DA:25,0
DA:27,0
DA:28,0
DA:30,0
DA:36,0
DA:39,0
LF:17
LH:2
BRDA:3,0,0,0
BRDA:8,1,0,0
BRDA:8,1,1,0
BRDA:13,2,0,0
BRDA:13,2,1,0
BRDA:23,3,0,0
BRDA:27,4,0,0
BRDA:27,4,1,0
BRDA:33,5,0,0
BRDA:33,5,1,0
BRDA:33,6,0,0
BRDA:33,6,1,0
BRDA:33,7,0,0
BRDA:33,7,1,0
BRF:14
BRH:0
end_of_record
TN:
SF:/Users/thobbs/Spotipaper/ImageGrid.js
FN:5,ImageGrid
FN:21,(anonymous_1)
FN:27,(anonymous_2)
FN:40,(anonymous_3)
FNF:4
FNH:1
FNDA:1,ImageGrid
FNDA:0,(anonymous_1)
FNDA:0,(anonymous_2)
FNDA:0,(anonymous_3)
DA:14,1
DA:15,1
DA:17,1
DA:22,0
DA:23,0
DA:28,0
DA:35,0
DA:36,0
DA:41,0
DA:56,2
DA:66,2
LF:11
LH:5
BRDA:15,0,0,0
BRDA:15,0,1,1
BRDA:22,1,0,0
BRDA:22,1,1,0
BRDA:35,2,0,0
BRDA:35,2,1,0
BRF:6
BRH:1
end_of_record
TN:
SF:/Users/thobbs/Spotipaper/testSetup.js
FNF:0
FNH:0
DA:4,2
LF:1
LH:1
BRF:0
BRH:0
end_of_record
